{"/Users/andrey/Hexlet/Projects/frontend-project-46/src/genDiff.js": {"path":"/Users/andrey/Hexlet/Projects/frontend-project-46/src/genDiff.js","all":false,"statementMap":{"0":{"start":{"line":1,"column":0},"end":{"line":1,"column":24}},"1":{"start":{"line":2,"column":0},"end":{"line":2,"column":39}},"2":{"start":{"line":3,"column":0},"end":{"line":3,"column":35}},"3":{"start":{"line":4,"column":0},"end":{"line":4,"column":0}},"4":{"start":{"line":5,"column":0},"end":{"line":5,"column":36}},"5":{"start":{"line":6,"column":0},"end":{"line":6,"column":78}},"6":{"start":{"line":7,"column":0},"end":{"line":7,"column":1}},"7":{"start":{"line":8,"column":0},"end":{"line":8,"column":0}},"8":{"start":{"line":9,"column":0},"end":{"line":9,"column":42}},"9":{"start":{"line":10,"column":0},"end":{"line":10,"column":46}},"10":{"start":{"line":11,"column":0},"end":{"line":11,"column":32}},"11":{"start":{"line":12,"column":0},"end":{"line":12,"column":1}},"12":{"start":{"line":13,"column":0},"end":{"line":13,"column":0}},"13":{"start":{"line":14,"column":0},"end":{"line":14,"column":32}},"14":{"start":{"line":15,"column":0},"end":{"line":15,"column":61}},"15":{"start":{"line":16,"column":0},"end":{"line":16,"column":83}},"16":{"start":{"line":17,"column":0},"end":{"line":17,"column":21}},"17":{"start":{"line":18,"column":0},"end":{"line":18,"column":18}},"18":{"start":{"line":19,"column":0},"end":{"line":19,"column":17}},"19":{"start":{"line":20,"column":0},"end":{"line":20,"column":7}},"20":{"start":{"line":21,"column":0},"end":{"line":21,"column":20}},"21":{"start":{"line":22,"column":0},"end":{"line":22,"column":17}},"22":{"start":{"line":23,"column":0},"end":{"line":23,"column":7}},"23":{"start":{"line":24,"column":0},"end":{"line":24,"column":16}},"24":{"start":{"line":25,"column":0},"end":{"line":25,"column":7}},"25":{"start":{"line":26,"column":0},"end":{"line":26,"column":0}},"26":{"start":{"line":27,"column":0},"end":{"line":27,"column":42}},"27":{"start":{"line":28,"column":0},"end":{"line":28,"column":32}},"28":{"start":{"line":29,"column":0},"end":{"line":29,"column":0}},"29":{"start":{"line":30,"column":0},"end":{"line":30,"column":36}},"30":{"start":{"line":31,"column":0},"end":{"line":31,"column":49}},"31":{"start":{"line":32,"column":0},"end":{"line":32,"column":5}},"32":{"start":{"line":33,"column":0},"end":{"line":33,"column":0}},"33":{"start":{"line":34,"column":0},"end":{"line":34,"column":21}},"34":{"start":{"line":35,"column":0},"end":{"line":35,"column":36}},"35":{"start":{"line":36,"column":0},"end":{"line":36,"column":52}},"36":{"start":{"line":37,"column":0},"end":{"line":37,"column":5}},"37":{"start":{"line":38,"column":0},"end":{"line":38,"column":0}},"38":{"start":{"line":39,"column":0},"end":{"line":39,"column":36}},"39":{"start":{"line":40,"column":0},"end":{"line":40,"column":52}},"40":{"start":{"line":41,"column":0},"end":{"line":41,"column":5}},"41":{"start":{"line":42,"column":0},"end":{"line":42,"column":0}},"42":{"start":{"line":43,"column":0},"end":{"line":43,"column":17}},"43":{"start":{"line":44,"column":0},"end":{"line":44,"column":5}},"44":{"start":{"line":45,"column":0},"end":{"line":45,"column":0}},"45":{"start":{"line":46,"column":0},"end":{"line":46,"column":40}},"46":{"start":{"line":47,"column":0},"end":{"line":47,"column":1}},"47":{"start":{"line":48,"column":0},"end":{"line":48,"column":0}},"48":{"start":{"line":49,"column":0},"end":{"line":49,"column":48}},"49":{"start":{"line":50,"column":0},"end":{"line":50,"column":55}},"50":{"start":{"line":51,"column":0},"end":{"line":51,"column":55}},"51":{"start":{"line":52,"column":0},"end":{"line":52,"column":57}},"52":{"start":{"line":53,"column":0},"end":{"line":53,"column":57}},"53":{"start":{"line":54,"column":0},"end":{"line":54,"column":31}},"54":{"start":{"line":55,"column":0},"end":{"line":55,"column":2}}},"s":{"0":1,"1":0,"2":1,"3":1,"4":2,"5":2,"6":2,"7":2,"8":2,"9":2,"10":2,"11":1,"12":1,"13":1,"14":1,"15":1,"16":1,"17":8,"18":4,"19":4,"20":8,"21":0,"22":0,"23":4,"24":1,"25":1,"26":1,"27":5,"28":5,"29":5,"30":1,"31":1,"32":4,"33":4,"34":5,"35":3,"36":3,"37":4,"38":5,"39":2,"40":2,"41":4,"42":4,"43":1,"44":1,"45":1,"46":1,"47":1,"48":1,"49":1,"50":1,"51":1,"52":1,"53":1,"54":1},"branchMap":{"0":{"type":"branch","line":2,"loc":{"start":{"line":2,"column":0},"end":{"line":2,"column":39}},"locations":[{"start":{"line":2,"column":0},"end":{"line":2,"column":39}}]},"1":{"type":"branch","line":2,"loc":{"start":{"line":2,"column":0},"end":{"line":2,"column":39}},"locations":[{"start":{"line":2,"column":0},"end":{"line":2,"column":39}}]},"2":{"type":"branch","line":2,"loc":{"start":{"line":2,"column":0},"end":{"line":2,"column":39}},"locations":[{"start":{"line":2,"column":0},"end":{"line":2,"column":39}}]},"3":{"type":"branch","line":2,"loc":{"start":{"line":2,"column":0},"end":{"line":2,"column":39}},"locations":[{"start":{"line":2,"column":0},"end":{"line":2,"column":39}}]},"4":{"type":"branch","line":2,"loc":{"start":{"line":2,"column":0},"end":{"line":2,"column":39}},"locations":[{"start":{"line":2,"column":0},"end":{"line":2,"column":39}}]},"5":{"type":"branch","line":2,"loc":{"start":{"line":2,"column":0},"end":{"line":2,"column":39}},"locations":[{"start":{"line":2,"column":0},"end":{"line":2,"column":39}}]},"6":{"type":"branch","line":2,"loc":{"start":{"line":2,"column":0},"end":{"line":2,"column":39}},"locations":[{"start":{"line":2,"column":0},"end":{"line":2,"column":39}}]},"7":{"type":"branch","line":2,"loc":{"start":{"line":2,"column":0},"end":{"line":2,"column":39}},"locations":[{"start":{"line":2,"column":0},"end":{"line":2,"column":39}}]},"8":{"type":"branch","line":2,"loc":{"start":{"line":2,"column":0},"end":{"line":2,"column":39}},"locations":[{"start":{"line":2,"column":0},"end":{"line":2,"column":39}}]},"9":{"type":"branch","line":2,"loc":{"start":{"line":2,"column":0},"end":{"line":2,"column":39}},"locations":[{"start":{"line":2,"column":0},"end":{"line":2,"column":39}}]},"10":{"type":"branch","line":2,"loc":{"start":{"line":2,"column":0},"end":{"line":2,"column":39}},"locations":[{"start":{"line":2,"column":0},"end":{"line":2,"column":39}}]},"11":{"type":"branch","line":2,"loc":{"start":{"line":2,"column":0},"end":{"line":2,"column":39}},"locations":[{"start":{"line":2,"column":0},"end":{"line":2,"column":39}}]},"12":{"type":"branch","line":2,"loc":{"start":{"line":2,"column":0},"end":{"line":2,"column":39}},"locations":[{"start":{"line":2,"column":0},"end":{"line":2,"column":39}}]},"13":{"type":"branch","line":2,"loc":{"start":{"line":2,"column":0},"end":{"line":2,"column":39}},"locations":[{"start":{"line":2,"column":0},"end":{"line":2,"column":39}}]},"14":{"type":"branch","line":2,"loc":{"start":{"line":2,"column":0},"end":{"line":2,"column":39}},"locations":[{"start":{"line":2,"column":0},"end":{"line":2,"column":39}}]},"15":{"type":"branch","line":2,"loc":{"start":{"line":2,"column":0},"end":{"line":2,"column":39}},"locations":[{"start":{"line":2,"column":0},"end":{"line":2,"column":39}}]},"16":{"type":"branch","line":5,"loc":{"start":{"line":5,"column":0},"end":{"line":7,"column":1}},"locations":[{"start":{"line":5,"column":0},"end":{"line":7,"column":1}}]},"17":{"type":"branch","line":6,"loc":{"start":{"line":6,"column":45},"end":{"line":6,"column":77}},"locations":[{"start":{"line":6,"column":45},"end":{"line":6,"column":77}}]},"18":{"type":"branch","line":8,"loc":{"start":{"line":8,"column":-1},"end":{"line":9,"column":31}},"locations":[{"start":{"line":8,"column":-1},"end":{"line":9,"column":31}}]},"19":{"type":"branch","line":9,"loc":{"start":{"line":9,"column":30},"end":{"line":12,"column":1}},"locations":[{"start":{"line":9,"column":30},"end":{"line":12,"column":1}}]},"20":{"type":"branch","line":9,"loc":{"start":{"line":9,"column":0},"end":{"line":11,"column":32}},"locations":[{"start":{"line":9,"column":0},"end":{"line":11,"column":32}}]},"21":{"type":"branch","line":9,"loc":{"start":{"line":9,"column":39},"end":{"line":11,"column":32}},"locations":[{"start":{"line":9,"column":39},"end":{"line":11,"column":32}}]},"22":{"type":"branch","line":9,"loc":{"start":{"line":9,"column":39},"end":{"line":10,"column":46}},"locations":[{"start":{"line":9,"column":39},"end":{"line":10,"column":46}}]},"23":{"type":"branch","line":10,"loc":{"start":{"line":10,"column":45},"end":{"line":11,"column":32}},"locations":[{"start":{"line":10,"column":45},"end":{"line":11,"column":32}}]},"24":{"type":"branch","line":11,"loc":{"start":{"line":11,"column":31},"end":{"line":11,"column":32}},"locations":[{"start":{"line":11,"column":31},"end":{"line":11,"column":32}}]},"25":{"type":"branch","line":11,"loc":{"start":{"line":11,"column":31},"end":{"line":11,"column":32}},"locations":[{"start":{"line":11,"column":31},"end":{"line":11,"column":32}}]},"26":{"type":"branch","line":14,"loc":{"start":{"line":14,"column":0},"end":{"line":47,"column":1}},"locations":[{"start":{"line":14,"column":0},"end":{"line":47,"column":1}}]},"27":{"type":"branch","line":16,"loc":{"start":{"line":16,"column":12},"end":{"line":16,"column":78}},"locations":[{"start":{"line":16,"column":12},"end":{"line":16,"column":78}}]},"28":{"type":"branch","line":16,"loc":{"start":{"line":16,"column":52},"end":{"line":16,"column":58}},"locations":[{"start":{"line":16,"column":52},"end":{"line":16,"column":58}}]},"29":{"type":"branch","line":16,"loc":{"start":{"line":16,"column":58},"end":{"line":16,"column":76}},"locations":[{"start":{"line":16,"column":58},"end":{"line":16,"column":76}}]},"30":{"type":"branch","line":17,"loc":{"start":{"line":17,"column":10},"end":{"line":25,"column":5}},"locations":[{"start":{"line":17,"column":10},"end":{"line":25,"column":5}}]},"31":{"type":"branch","line":18,"loc":{"start":{"line":18,"column":17},"end":{"line":21,"column":19}},"locations":[{"start":{"line":18,"column":17},"end":{"line":21,"column":19}}]},"32":{"type":"branch","line":21,"loc":{"start":{"line":21,"column":19},"end":{"line":23,"column":7}},"locations":[{"start":{"line":21,"column":19},"end":{"line":23,"column":7}}]},"33":{"type":"branch","line":23,"loc":{"start":{"line":23,"column":6},"end":{"line":25,"column":5}},"locations":[{"start":{"line":23,"column":6},"end":{"line":25,"column":5}}]},"34":{"type":"branch","line":27,"loc":{"start":{"line":27,"column":32},"end":{"line":44,"column":3}},"locations":[{"start":{"line":27,"column":32},"end":{"line":44,"column":3}}]},"35":{"type":"branch","line":30,"loc":{"start":{"line":30,"column":35},"end":{"line":32,"column":5}},"locations":[{"start":{"line":30,"column":35},"end":{"line":32,"column":5}}]},"36":{"type":"branch","line":32,"loc":{"start":{"line":32,"column":4},"end":{"line":35,"column":35}},"locations":[{"start":{"line":32,"column":4},"end":{"line":35,"column":35}}]},"37":{"type":"branch","line":35,"loc":{"start":{"line":35,"column":35},"end":{"line":37,"column":5}},"locations":[{"start":{"line":35,"column":35},"end":{"line":37,"column":5}}]},"38":{"type":"branch","line":37,"loc":{"start":{"line":37,"column":4},"end":{"line":39,"column":35}},"locations":[{"start":{"line":37,"column":4},"end":{"line":39,"column":35}}]},"39":{"type":"branch","line":39,"loc":{"start":{"line":39,"column":35},"end":{"line":41,"column":5}},"locations":[{"start":{"line":39,"column":35},"end":{"line":41,"column":5}}]},"40":{"type":"branch","line":41,"loc":{"start":{"line":41,"column":4},"end":{"line":44,"column":3}},"locations":[{"start":{"line":41,"column":4},"end":{"line":44,"column":3}}]},"41":{"type":"branch","line":48,"loc":{"start":{"line":48,"column":-1},"end":{"line":55,"column":2}},"locations":[{"start":{"line":48,"column":-1},"end":{"line":55,"column":2}}]},"42":{"type":"branch","line":49,"loc":{"start":{"line":49,"column":15},"end":{"line":54,"column":31}},"locations":[{"start":{"line":49,"column":15},"end":{"line":54,"column":31}}]},"43":{"type":"branch","line":49,"loc":{"start":{"line":49,"column":42},"end":{"line":54,"column":31}},"locations":[{"start":{"line":49,"column":42},"end":{"line":54,"column":31}}]},"44":{"type":"branch","line":49,"loc":{"start":{"line":49,"column":42},"end":{"line":52,"column":57}},"locations":[{"start":{"line":49,"column":42},"end":{"line":52,"column":57}}]},"45":{"type":"branch","line":52,"loc":{"start":{"line":52,"column":56},"end":{"line":53,"column":57}},"locations":[{"start":{"line":52,"column":56},"end":{"line":53,"column":57}}]},"46":{"type":"branch","line":53,"loc":{"start":{"line":53,"column":56},"end":{"line":54,"column":31}},"locations":[{"start":{"line":53,"column":56},"end":{"line":54,"column":31}}]},"47":{"type":"branch","line":54,"loc":{"start":{"line":54,"column":30},"end":{"line":54,"column":31}},"locations":[{"start":{"line":54,"column":30},"end":{"line":54,"column":31}}]},"48":{"type":"branch","line":54,"loc":{"start":{"line":54,"column":30},"end":{"line":54,"column":31}},"locations":[{"start":{"line":54,"column":30},"end":{"line":54,"column":31}}]},"49":{"type":"branch","line":55,"loc":{"start":{"line":55,"column":1},"end":{"line":55,"column":2}},"locations":[{"start":{"line":55,"column":1},"end":{"line":55,"column":2}}]}},"b":{"0":[14],"1":[0],"2":[0],"3":[0],"4":[14],"5":[14],"6":[0],"7":[41],"8":[7],"9":[0],"10":[3],"11":[4],"12":[2],"13":[3],"14":[3],"15":[7],"16":[2],"17":[0],"18":[2],"19":[1],"20":[2],"21":[6],"22":[2],"23":[2],"24":[0],"25":[2],"26":[1],"27":[7],"28":[2],"29":[5],"30":[8],"31":[4],"32":[0],"33":[4],"34":[5],"35":[1],"36":[4],"37":[3],"38":[4],"39":[2],"40":[4],"41":[1],"42":[1],"43":[4],"44":[1],"45":[1],"46":[1],"47":[0],"48":[1],"49":[1]},"fnMap":{"0":{"name":"_toConsumableArray","decl":{"start":{"line":2,"column":0},"end":{"line":2,"column":39}},"loc":{"start":{"line":2,"column":0},"end":{"line":2,"column":39}},"line":2},"1":{"name":"_nonIterableSpread","decl":{"start":{"line":2,"column":0},"end":{"line":2,"column":39}},"loc":{"start":{"line":2,"column":0},"end":{"line":2,"column":39}},"line":2},"2":{"name":"_unsupportedIterableToArray","decl":{"start":{"line":2,"column":0},"end":{"line":2,"column":39}},"loc":{"start":{"line":2,"column":0},"end":{"line":2,"column":39}},"line":2},"3":{"name":"_iterableToArray","decl":{"start":{"line":2,"column":0},"end":{"line":2,"column":39}},"loc":{"start":{"line":2,"column":0},"end":{"line":2,"column":39}},"line":2},"4":{"name":"_arrayWithoutHoles","decl":{"start":{"line":2,"column":0},"end":{"line":2,"column":39}},"loc":{"start":{"line":2,"column":0},"end":{"line":2,"column":39}},"line":2},"5":{"name":"_arrayLikeToArray","decl":{"start":{"line":2,"column":0},"end":{"line":2,"column":39}},"loc":{"start":{"line":2,"column":0},"end":{"line":2,"column":39}},"line":2},"6":{"name":"asyncGeneratorStep","decl":{"start":{"line":2,"column":0},"end":{"line":2,"column":39}},"loc":{"start":{"line":2,"column":0},"end":{"line":2,"column":39}},"line":2},"7":{"name":"_asyncToGenerator","decl":{"start":{"line":2,"column":0},"end":{"line":2,"column":39}},"loc":{"start":{"line":2,"column":0},"end":{"line":2,"column":39}},"line":2},"8":{"name":"_next","decl":{"start":{"line":2,"column":0},"end":{"line":2,"column":39}},"loc":{"start":{"line":2,"column":0},"end":{"line":2,"column":39}},"line":2},"9":{"name":"_throw","decl":{"start":{"line":2,"column":0},"end":{"line":2,"column":39}},"loc":{"start":{"line":2,"column":0},"end":{"line":2,"column":39}},"line":2},"10":{"name":"getPathAbsolute","decl":{"start":{"line":5,"column":0},"end":{"line":7,"column":1}},"loc":{"start":{"line":5,"column":0},"end":{"line":7,"column":1}},"line":5},"11":{"name":"getJsonFromFile","decl":{"start":{"line":8,"column":-1},"end":{"line":9,"column":31}},"loc":{"start":{"line":8,"column":-1},"end":{"line":9,"column":31}},"line":8},"12":{"name":"_getJsonFromFile","decl":{"start":{"line":9,"column":30},"end":{"line":12,"column":1}},"loc":{"start":{"line":9,"column":30},"end":{"line":12,"column":1}},"line":9},"13":{"name":"_callee2","decl":{"start":{"line":9,"column":0},"end":{"line":11,"column":32}},"loc":{"start":{"line":9,"column":0},"end":{"line":11,"column":32}},"line":9},"14":{"name":"_callee2$","decl":{"start":{"line":9,"column":39},"end":{"line":11,"column":32}},"loc":{"start":{"line":9,"column":39},"end":{"line":11,"column":32}},"line":9},"15":{"name":"genDiff","decl":{"start":{"line":14,"column":0},"end":{"line":47,"column":1}},"loc":{"start":{"line":14,"column":0},"end":{"line":47,"column":1}},"line":14},"16":{"name":"_callee","decl":{"start":{"line":49,"column":15},"end":{"line":54,"column":31}},"loc":{"start":{"line":49,"column":15},"end":{"line":54,"column":31}},"line":49},"17":{"name":"_callee$","decl":{"start":{"line":49,"column":42},"end":{"line":54,"column":31}},"loc":{"start":{"line":49,"column":42},"end":{"line":54,"column":31}},"line":49}},"f":{"0":14,"1":0,"2":0,"3":0,"4":14,"5":14,"6":7,"7":2,"8":7,"9":0,"10":2,"11":2,"12":1,"13":2,"14":6,"15":1,"16":1,"17":4}}
}
