TN:
SF:src/genDiff.js
FN:2,_toConsumableArray
FN:2,_nonIterableSpread
FN:2,_unsupportedIterableToArray
FN:2,_iterableToArray
FN:2,_arrayWithoutHoles
FN:2,_arrayLikeToArray
FN:2,asyncGeneratorStep
FN:2,_asyncToGenerator
FN:2,_next
FN:2,_throw
FN:5,getPathAbsolute
FN:8,getJsonFromFile
FN:9,_getJsonFromFile
FN:9,_callee2
FN:9,_callee2$
FN:14,genDiff
FN:49,_callee
FN:49,_callee$
FNF:18
FNH:14
FNDA:14,_toConsumableArray
FNDA:0,_nonIterableSpread
FNDA:0,_unsupportedIterableToArray
FNDA:0,_iterableToArray
FNDA:14,_arrayWithoutHoles
FNDA:14,_arrayLikeToArray
FNDA:7,asyncGeneratorStep
FNDA:2,_asyncToGenerator
FNDA:7,_next
FNDA:0,_throw
FNDA:2,getPathAbsolute
FNDA:2,getJsonFromFile
FNDA:1,_getJsonFromFile
FNDA:2,_callee2
FNDA:6,_callee2$
FNDA:1,genDiff
FNDA:1,_callee
FNDA:4,_callee$
DA:1,1
DA:2,0
DA:3,1
DA:4,1
DA:5,2
DA:6,2
DA:7,2
DA:8,2
DA:9,2
DA:10,2
DA:11,2
DA:12,1
DA:13,1
DA:14,1
DA:15,1
DA:16,1
DA:17,1
DA:18,8
DA:19,4
DA:20,4
DA:21,8
DA:22,0
DA:23,0
DA:24,4
DA:25,1
DA:26,1
DA:27,1
DA:28,5
DA:29,5
DA:30,5
DA:31,1
DA:32,1
DA:33,4
DA:34,4
DA:35,5
DA:36,3
DA:37,3
DA:38,4
DA:39,5
DA:40,2
DA:41,2
DA:42,4
DA:43,4
DA:44,1
DA:45,1
DA:46,1
DA:47,1
DA:48,1
DA:49,1
DA:50,1
DA:51,1
DA:52,1
DA:53,1
DA:54,1
DA:55,1
LF:55
LH:52
BRDA:2,0,0,14
BRDA:2,1,0,0
BRDA:2,2,0,0
BRDA:2,3,0,0
BRDA:2,4,0,14
BRDA:2,5,0,14
BRDA:2,6,0,0
BRDA:2,7,0,41
BRDA:2,8,0,7
BRDA:2,9,0,0
BRDA:2,10,0,3
BRDA:2,11,0,4
BRDA:2,12,0,2
BRDA:2,13,0,3
BRDA:2,14,0,3
BRDA:2,15,0,7
BRDA:5,16,0,2
BRDA:6,17,0,0
BRDA:8,18,0,2
BRDA:9,19,0,1
BRDA:9,20,0,2
BRDA:9,21,0,6
BRDA:9,22,0,2
BRDA:10,23,0,2
BRDA:11,24,0,0
BRDA:11,25,0,2
BRDA:14,26,0,1
BRDA:16,27,0,7
BRDA:16,28,0,2
BRDA:16,29,0,5
BRDA:17,30,0,8
BRDA:18,31,0,4
BRDA:21,32,0,0
BRDA:23,33,0,4
BRDA:27,34,0,5
BRDA:30,35,0,1
BRDA:32,36,0,4
BRDA:35,37,0,3
BRDA:37,38,0,4
BRDA:39,39,0,2
BRDA:41,40,0,4
BRDA:48,41,0,1
BRDA:49,42,0,1
BRDA:49,43,0,4
BRDA:49,44,0,1
BRDA:52,45,0,1
BRDA:53,46,0,1
BRDA:54,47,0,0
BRDA:54,48,0,1
BRDA:55,49,0,1
BRF:50
BRH:41
end_of_record
